INFO [2020-06-07 14:27:56] $x
INFO [2020-06-07 14:27:56] list(split.tiss[[1]], split.tiss[[2]], MQ.ion %>% filter(Sec == 
INFO [2020-06-07 14:27:56]     "Sfp", !duplicated(PROTEIN)) %>% pull(PROTEIN))
INFO [2020-06-07 14:27:56] 
INFO [2020-06-07 14:27:56] $category.names
INFO [2020-06-07 14:27:56] c("Accessory gland\nproteome", "Ejaculatory bulb\nproteome", 
INFO [2020-06-07 14:27:56]     "Sfps")
INFO [2020-06-07 14:27:56] 
INFO [2020-06-07 14:27:56] $filename
INFO [2020-06-07 14:27:56] [1] "figs/raw/Fig_S3.tiff"
INFO [2020-06-07 14:27:56] 
INFO [2020-06-07 14:27:56] $compression
INFO [2020-06-07 14:27:56] [1] "lzw"
INFO [2020-06-07 14:27:56] 
INFO [2020-06-07 14:27:56] $output
INFO [2020-06-07 14:27:56] [1] TRUE
INFO [2020-06-07 14:27:56] 
INFO [2020-06-07 14:27:56] $imagetype
INFO [2020-06-07 14:27:56] [1] "tiff"
INFO [2020-06-07 14:27:56] 
INFO [2020-06-07 14:27:56] $height
INFO [2020-06-07 14:27:56] [1] 1700
INFO [2020-06-07 14:27:56] 
INFO [2020-06-07 14:27:56] $euler.d
INFO [2020-06-07 14:27:56] [1] TRUE
INFO [2020-06-07 14:27:56] 
INFO [2020-06-07 14:27:56] $width
INFO [2020-06-07 14:27:56] [1] 1700
INFO [2020-06-07 14:27:56] 
INFO [2020-06-07 14:27:56] $resolution
INFO [2020-06-07 14:27:56] [1] 600
INFO [2020-06-07 14:27:56] 
INFO [2020-06-07 14:27:56] $lty
INFO [2020-06-07 14:27:56] [1] "solid"
INFO [2020-06-07 14:27:56] 
INFO [2020-06-07 14:27:56] $fill
INFO [2020-06-07 14:27:56] c("turquoise", "orange", "red")
INFO [2020-06-07 14:27:56] 
INFO [2020-06-07 14:27:56] $cat.cex
INFO [2020-06-07 14:27:56] [1] 0.6
INFO [2020-06-07 14:27:56] 
INFO [2020-06-07 14:27:56] $cex
INFO [2020-06-07 14:27:56] [1] 0.8
INFO [2020-06-07 14:27:56] 
INFO [2020-06-07 14:27:56] $cat.pos
INFO [2020-06-07 14:27:56] c(-150, 150, 0)
INFO [2020-06-07 14:27:56] 
INFO [2020-06-07 14:27:56] $cat.dist
INFO [2020-06-07 14:27:56] c(0.05, 0.05, -0.05)
INFO [2020-06-07 14:27:56] 
INFO [2020-06-07 14:27:56] $fontfamily
INFO [2020-06-07 14:27:56] [1] "sans"
INFO [2020-06-07 14:27:56] 
INFO [2020-06-07 14:27:56] $cat.fontface
INFO [2020-06-07 14:27:56] [1] "bold"
INFO [2020-06-07 14:27:56] 
INFO [2020-06-07 14:27:56] $cat.default.pos
INFO [2020-06-07 14:27:56] [1] "outer"
INFO [2020-06-07 14:27:56] 
INFO [2020-06-07 14:27:56] $cat.fontfamily
INFO [2020-06-07 14:27:56] [1] "sans"
INFO [2020-06-07 14:27:56] 
