INFO [2020-06-07 16:15:32] $x
INFO [2020-06-07 16:15:32] list(top.tableCol$id, top.tableVan$id)
INFO [2020-06-07 16:15:32] 
INFO [2020-06-07 16:15:32] $category.names
INFO [2020-06-07 16:15:32] c("Colorado", "Vancouver")
INFO [2020-06-07 16:15:32] 
INFO [2020-06-07 16:15:32] $filename
INFO [2020-06-07 16:15:32] [1] "figs/raw/Fig_3_inset.tiff"
INFO [2020-06-07 16:15:32] 
INFO [2020-06-07 16:15:32] $compression
INFO [2020-06-07 16:15:32] [1] "lzw"
INFO [2020-06-07 16:15:32] 
INFO [2020-06-07 16:15:32] $output
INFO [2020-06-07 16:15:32] [1] TRUE
INFO [2020-06-07 16:15:32] 
INFO [2020-06-07 16:15:32] $imagetype
INFO [2020-06-07 16:15:32] [1] "tiff"
INFO [2020-06-07 16:15:32] 
INFO [2020-06-07 16:15:32] $height
INFO [2020-06-07 16:15:32] [1] 1700
INFO [2020-06-07 16:15:32] 
INFO [2020-06-07 16:15:32] $width
INFO [2020-06-07 16:15:32] [1] 1700
INFO [2020-06-07 16:15:32] 
INFO [2020-06-07 16:15:32] $resolution
INFO [2020-06-07 16:15:32] [1] 600
INFO [2020-06-07 16:15:32] 
INFO [2020-06-07 16:15:32] $lty
INFO [2020-06-07 16:15:32] [1] "solid"
INFO [2020-06-07 16:15:32] 
INFO [2020-06-07 16:15:32] $euler.d
INFO [2020-06-07 16:15:32] [1] TRUE
INFO [2020-06-07 16:15:32] 
INFO [2020-06-07 16:15:32] $fill
INFO [2020-06-07 16:15:32] RdBu_pal2
INFO [2020-06-07 16:15:32] 
INFO [2020-06-07 16:15:32] $cat.cex
INFO [2020-06-07 16:15:32] [1] 0.8
INFO [2020-06-07 16:15:32] 
INFO [2020-06-07 16:15:32] $cex
INFO [2020-06-07 16:15:32] [1] 0.8
INFO [2020-06-07 16:15:32] 
INFO [2020-06-07 16:15:32] $fontfamily
INFO [2020-06-07 16:15:32] [1] "sans"
INFO [2020-06-07 16:15:32] 
INFO [2020-06-07 16:15:32] $cat.fontface
INFO [2020-06-07 16:15:32] [1] "bold"
INFO [2020-06-07 16:15:32] 
INFO [2020-06-07 16:15:32] $cat.default.pos
INFO [2020-06-07 16:15:32] [1] "outer"
INFO [2020-06-07 16:15:32] 
INFO [2020-06-07 16:15:32] $cat.fontfamily
INFO [2020-06-07 16:15:32] [1] "sans"
INFO [2020-06-07 16:15:32] 
INFO [2020-06-07 16:15:32] $cat.pos
INFO [2020-06-07 16:15:32] c(-35, 145)
INFO [2020-06-07 16:15:32] 
INFO [2020-06-07 16:15:32] $cat.dist
INFO [2020-06-07 16:15:32] c(0.05, 0.05)
INFO [2020-06-07 16:15:32] 
