INFO [2020-06-07 16:21:11] $x
INFO [2020-06-07 16:21:11] list(c(ag_bias$id, the_rest$id), c(eb_bias$id, the_rest$id))
INFO [2020-06-07 16:21:11] 
INFO [2020-06-07 16:21:11] $category.names
INFO [2020-06-07 16:21:11] c("", "")
INFO [2020-06-07 16:21:11] 
INFO [2020-06-07 16:21:11] $filename
INFO [2020-06-07 16:21:11] [1] "figs/raw/Fig_3b_inset.tiff"
INFO [2020-06-07 16:21:11] 
INFO [2020-06-07 16:21:11] $compression
INFO [2020-06-07 16:21:11] [1] "lzw"
INFO [2020-06-07 16:21:11] 
INFO [2020-06-07 16:21:11] $output
INFO [2020-06-07 16:21:11] [1] FALSE
INFO [2020-06-07 16:21:11] 
INFO [2020-06-07 16:21:11] $imagetype
INFO [2020-06-07 16:21:11] [1] "tiff"
INFO [2020-06-07 16:21:11] 
INFO [2020-06-07 16:21:11] $height
INFO [2020-06-07 16:21:11] [1] 1700
INFO [2020-06-07 16:21:11] 
INFO [2020-06-07 16:21:11] $euler.d
INFO [2020-06-07 16:21:11] [1] TRUE
INFO [2020-06-07 16:21:11] 
INFO [2020-06-07 16:21:11] $scaled
INFO [2020-06-07 16:21:11] [1] TRUE
INFO [2020-06-07 16:21:11] 
INFO [2020-06-07 16:21:11] $width
INFO [2020-06-07 16:21:11] [1] 1700
INFO [2020-06-07 16:21:11] 
INFO [2020-06-07 16:21:11] $resolution
INFO [2020-06-07 16:21:11] [1] 600
INFO [2020-06-07 16:21:11] 
INFO [2020-06-07 16:21:11] $lty
INFO [2020-06-07 16:21:11] [1] "solid"
INFO [2020-06-07 16:21:11] 
INFO [2020-06-07 16:21:11] $fill
INFO [2020-06-07 16:21:11] c("turquoise", "orange")
INFO [2020-06-07 16:21:11] 
INFO [2020-06-07 16:21:11] $cex
INFO [2020-06-07 16:21:11] [1] 1
INFO [2020-06-07 16:21:11] 
INFO [2020-06-07 16:21:11] $cat.cex
INFO [2020-06-07 16:21:11] [1] 0.6
INFO [2020-06-07 16:21:11] 
INFO [2020-06-07 16:21:11] $cat.pos
INFO [2020-06-07 16:21:11] c(-150, 25)
INFO [2020-06-07 16:21:11] 
INFO [2020-06-07 16:21:11] $cat.dist
INFO [2020-06-07 16:21:11] c(0.05, 0.05)
INFO [2020-06-07 16:21:11] 
INFO [2020-06-07 16:21:11] $fontfamily
INFO [2020-06-07 16:21:11] [1] "sans"
INFO [2020-06-07 16:21:11] 
INFO [2020-06-07 16:21:11] $cat.fontface
INFO [2020-06-07 16:21:11] [1] "bold"
INFO [2020-06-07 16:21:11] 
INFO [2020-06-07 16:21:11] $cat.default.pos
INFO [2020-06-07 16:21:11] [1] "outer"
INFO [2020-06-07 16:21:11] 
INFO [2020-06-07 16:21:11] $cat.fontfamily
INFO [2020-06-07 16:21:11] [1] "sans"
INFO [2020-06-07 16:21:11] 
