INFO [2020-06-07 14:31:41] $x
INFO [2020-06-07 14:31:41] list(split.pop[[1]], split.pop[[2]])
INFO [2020-06-07 14:31:41] 
INFO [2020-06-07 14:31:41] $category.names
INFO [2020-06-07 14:31:41] c("Colorado", "Vancouver")
INFO [2020-06-07 14:31:41] 
INFO [2020-06-07 14:31:41] $filename
INFO [2020-06-07 14:31:41] paste0("figs/raw/Fig_S4b.tiff")
INFO [2020-06-07 14:31:41] 
INFO [2020-06-07 14:31:41] $compression
INFO [2020-06-07 14:31:41] [1] "lzw"
INFO [2020-06-07 14:31:41] 
INFO [2020-06-07 14:31:41] $output
INFO [2020-06-07 14:31:41] [1] TRUE
INFO [2020-06-07 14:31:41] 
INFO [2020-06-07 14:31:41] $imagetype
INFO [2020-06-07 14:31:41] [1] "tiff"
INFO [2020-06-07 14:31:41] 
INFO [2020-06-07 14:31:41] $height
INFO [2020-06-07 14:31:41] [1] 1700
INFO [2020-06-07 14:31:41] 
INFO [2020-06-07 14:31:41] $width
INFO [2020-06-07 14:31:41] [1] 1700
INFO [2020-06-07 14:31:41] 
INFO [2020-06-07 14:31:41] $resolution
INFO [2020-06-07 14:31:41] [1] 600
INFO [2020-06-07 14:31:41] 
INFO [2020-06-07 14:31:41] $lty
INFO [2020-06-07 14:31:41] [1] "solid"
INFO [2020-06-07 14:31:41] 
INFO [2020-06-07 14:31:41] $euler.d
INFO [2020-06-07 14:31:41] [1] TRUE
INFO [2020-06-07 14:31:41] 
INFO [2020-06-07 14:31:41] $fill
INFO [2020-06-07 14:31:41] RdBu_pal2
INFO [2020-06-07 14:31:41] 
INFO [2020-06-07 14:31:41] $cat.cex
INFO [2020-06-07 14:31:41] [1] 0.8
INFO [2020-06-07 14:31:41] 
INFO [2020-06-07 14:31:41] $cex
INFO [2020-06-07 14:31:41] [1] 0.8
INFO [2020-06-07 14:31:41] 
INFO [2020-06-07 14:31:41] $fontfamily
INFO [2020-06-07 14:31:41] [1] "sans"
INFO [2020-06-07 14:31:41] 
INFO [2020-06-07 14:31:41] $cat.fontface
INFO [2020-06-07 14:31:41] [1] "bold"
INFO [2020-06-07 14:31:41] 
INFO [2020-06-07 14:31:41] $cat.default.pos
INFO [2020-06-07 14:31:41] [1] "outer"
INFO [2020-06-07 14:31:41] 
INFO [2020-06-07 14:31:41] $cat.fontfamily
INFO [2020-06-07 14:31:41] [1] "sans"
INFO [2020-06-07 14:31:41] 
INFO [2020-06-07 14:31:41] $cat.pos
INFO [2020-06-07 14:31:41] c(-35, 145)
INFO [2020-06-07 14:31:41] 
INFO [2020-06-07 14:31:41] $cat.dist
INFO [2020-06-07 14:31:41] c(0.05, 0.05)
INFO [2020-06-07 14:31:41] 
